0/5 x 48
/usr/local/lib/python3.10/dist-packages/scipy/optimize/_minpack_py.py:1010: OptimizeWarning: Covariance of the parameters could not be estimated
  warnings.warn('Covariance of the parameters could not be estimated',
1/5 x 48
/usr/local/lib/python3.10/dist-packages/scipy/optimize/_minpack_py.py:1010: OptimizeWarning: Covariance of the parameters could not be estimated
  warnings.warn('Covariance of the parameters could not be estimated',
/usr/local/lib/python3.10/dist-packages/scipy/optimize/_minpack_py.py:1010: OptimizeWarning: Covariance of the parameters could not be estimated
  warnings.warn('Covariance of the parameters could not be estimated',
/usr/local/lib/python3.10/dist-packages/scipy/optimize/_minpack_py.py:1010: OptimizeWarning: Covariance of the parameters could not be estimated
  warnings.warn('Covariance of the parameters could not be estimated',
2/5 x 48
/usr/local/lib/python3.10/dist-packages/scipy/optimize/_minpack_py.py:1010: OptimizeWarning: Covariance of the parameters could not be estimated
  warnings.warn('Covariance of the parameters could not be estimated',
3/5 x 48
/usr/local/lib/python3.10/dist-packages/scipy/optimize/_minpack_py.py:1010: OptimizeWarning: Covariance of the parameters could not be estimated
  warnings.warn('Covariance of the parameters could not be estimated',
/usr/local/lib/python3.10/dist-packages/scipy/optimize/_minpack_py.py:1010: OptimizeWarning: Covariance of the parameters could not be estimated
  warnings.warn('Covariance of the parameters could not be estimated',
4/5 x 48
sending incremental file list
GBNCC_NP_pfds.csv
         32,768  86%    0.00kB/s    0:00:00           37,983 100%    4.97MB/s    0:00:00 (xfr#1, to-chk=0/1)

sent 38,109 bytes  received 35 bytes  76,288.00 bytes/sec
total size is 37,983  speedup is 1.00
